<?xml version="1.0" encoding="UTF-8"?>
<!-- Generated by org.testng.reporters.JUnitReportReporter -->
<testsuite hostname="BLR135CD0213XHK" failures="0" tests="14" name="testsScenario.AmazonTest" time="263.239" errors="0" timestamp="2023-11-24T19:00:00 IST" skipped="0">
  <testcase classname="testsScenario.AmazonTest" name="verifySignup" time="3.614"/>
  <system-out/>
  <testcase classname="testsScenario.AmazonTest" name="verifyemail" time="0.298"/>
  <system-out/>
  <testcase classname="testsScenario.AmazonTest" name="verifycontinue" time="2.208"/>
  <system-out/>
  <testcase classname="testsScenario.AmazonTest" name="passwordFillField" time="0.260"/>
  <system-out/>
  <testcase classname="testsScenario.AmazonTest" name="signInClick" time="6.581"/>
  <system-out/>
  <testcase classname="testsScenario.AmazonTest" name="searchproduct" time="3.682"/>
  <system-out/>
  <testcase classname="testsScenario.AmazonTest" name="item" time="8.857"/>
  <system-out/>
  <testcase classname="testsScenario.AmazonTest" name="addToCartTest" time="2.911"/>
  <system-out/>
  <testcase classname="testsScenario.AmazonTest" name="simpleClickTest" time="10.402"/>
  <system-out/>
  <testcase classname="testsScenario.AmazonTest" name="addToCartButtonTest" time="13.577"/>
  <system-out/>
  <testcase classname="testsScenario.AmazonTest" name="proceedToCheckOutTest" time="21.286"/>
  <system-out/>
  <testcase classname="testsScenario.AmazonTest" name="useThisAddressTest" time="140.420"/>
  <system-out/>
  <testcase classname="testsScenario.AmazonTest" name="returnToOrderTest" time="29.397"/>
  <system-out/>
  <testcase classname="testsScenario.AmazonTest" name="invoiceForTheProductTest" time="19.746"/>
  <system-out/>
</testsuite> <!-- testsScenario.AmazonTest -->
